<?xml version="1.0" encoding="UTF-8"?>
<!-- Generated by org.testng.reporters.JUnitReportReporter -->
<testsuite hostname="W2027491" failures="0" tests="1" name="NumberSeven.FakerDataGenerator" time="0.223" errors="0" timestamp="2024-01-05T13:39:00 IST" skipped="0">
  <testcase classname="NumberSeven.FakerDataGenerator" name="testGenerateDummyData" time="0.223"/>
</testsuite> <!-- NumberSeven.FakerDataGenerator -->
