<?xml version="1.0" encoding="UTF-8"?>
<!-- Generated by org.testng.reporters.JUnitReportReporter -->
<testsuite hostname="W2027491" failures="0" tests="1" name="NumberSix.SerilizationAndDeserilization" time="0.547" errors="0" timestamp="2024-01-05T00:27:57 IST" skipped="0">
  <testcase classname="NumberSix.SerilizationAndDeserilization" name="convertJson2Pojo" time="0.547"/>
</testsuite> <!-- NumberSix.SerilizationAndDeserilization -->
