<?xml version="1.0" encoding="UTF-8"?>
<!-- Generated by org.testng.reporters.JUnitReportReporter -->
<testsuite hostname="W2027491" failures="0" tests="1" name="NumberThree.HeadersDemo" time="4.645" errors="0" timestamp="2024-01-13T15:41:46 IST" skipped="0">
  <testcase classname="NumberThree.HeadersDemo" name="getHeaders" time="4.645"/>
</testsuite> <!-- NumberThree.HeadersDemo -->
