<?xml version="1.0" encoding="UTF-8"?>
<!-- Generated by org.testng.reporters.JUnitReportReporter -->
<testsuite hostname="W2027491" failures="0" tests="1" name="NumberSeven.Authentication" time="5.919" errors="0" timestamp="2024-01-05T13:05:35 IST" skipped="0">
  <testcase classname="NumberSeven.Authentication" name="testAPIKeyAuthentication" time="5.919"/>
</testsuite> <!-- NumberSeven.Authentication -->
