<?xml version="1.0" encoding="UTF-8"?>
<!-- Generated by org.testng.reporters.JUnitReportReporter -->
<testsuite hostname="W2027491" failures="0" tests="1" name="NumberEight.GetUser" time="0.435" errors="0" timestamp="2024-01-05T17:14:37 IST" skipped="0">
  <testcase classname="NumberEight.GetUser" name="testGetUser" time="0.435"/>
</testsuite> <!-- NumberEight.GetUser -->
