<?xml version="1.0" encoding="UTF-8"?>
<!-- Generated by org.testng.reporters.JUnitReportReporter -->
<testsuite hostname="W2027491" failures="0" tests="1" name="NumberOne.HTTPRequest" time="2.128" errors="0" timestamp="2024-01-14T15:37:29 IST" skipped="0">
  <testcase classname="NumberOne.HTTPRequest" name="getUser" time="2.128"/>
</testsuite> <!-- NumberOne.HTTPRequest -->
