<?xml version="1.0" encoding="UTF-8"?>
<!-- Generated by org.testng.reporters.JUnitReportReporter -->
<testsuite hostname="W2027491" failures="0" tests="1" name="NumberFive.ParsingXMLResponse" time="2.110" errors="0" timestamp="2024-01-04T16:56:15 IST" skipped="0">
  <testcase classname="NumberFive.ParsingXMLResponse" name="testXMLBodyResponse" time="2.110"/>
</testsuite> <!-- NumberFive.ParsingXMLResponse -->
