<?xml version="1.0" encoding="UTF-8"?>
<!-- Generated by org.testng.reporters.JUnitReportReporter -->
<testsuite hostname="W2027491" failures="0" tests="1" name="Numberfour.ParsingJSONResponseData" time="1.269" errors="0" timestamp="2024-01-04T13:09:47 IST" skipped="0">
  <testcase classname="Numberfour.ParsingJSONResponseData" name="getResponseBodyData" time="1.269"/>
</testsuite> <!-- Numberfour.ParsingJSONResponseData -->
