<?xml version="1.0" encoding="UTF-8"?>
<!-- Generated by org.testng.reporters.JUnitReportReporter -->
<testsuite hostname="W2027491" failures="0" tests="1" name="NumberThree.PathandQueryParameters" time="1.783" errors="0" timestamp="2024-01-03T16:04:02 IST" skipped="0">
  <testcase classname="NumberThree.PathandQueryParameters" name="testPathandQueryParameters" time="1.783"/>
</testsuite> <!-- NumberThree.PathandQueryParameters -->
