<?xml version="1.0" encoding="UTF-8"?>
<!-- Generated by org.testng.reporters.JUnitReportReporter -->
<testsuite hostname="W2027491" failures="0" tests="1" name="NumberThree.LoggingDemo" time="4.399" errors="0" timestamp="2024-01-03T17:13:43 IST" skipped="0">
  <testcase classname="NumberThree.LoggingDemo" name="logTest" time="4.399"/>
</testsuite> <!-- NumberThree.LoggingDemo -->
