<?xml version="1.0" encoding="UTF-8"?>
<!-- Generated by org.testng.reporters.JUnitReportReporter -->
<testsuite hostname="W2027491" failures="0" tests="1" name="NumberSix.JSONSchemaValidation" time="3.500" errors="0" timestamp="2024-01-04T23:32:27 IST" skipped="0">
  <testcase classname="NumberSix.JSONSchemaValidation" name="jsonschemavalidation" time="3.500"/>
</testsuite> <!-- NumberSix.JSONSchemaValidation -->
