<?xml version="1.0" encoding="UTF-8"?>
<!-- Generated by org.testng.reporters.JUnitReportReporter -->
<testsuite hostname="W2027491" failures="0" tests="2" name="NumberTwo.waysToCreatePostRequestBody" time="5.369" errors="0" timestamp="2024-01-03T12:43:01 IST" skipped="0">
  <testcase classname="NumberTwo.waysToCreatePostRequestBody" name="testPostRequestPOJO" time="5.242"/>
  <testcase classname="NumberTwo.waysToCreatePostRequestBody" name="delete" time="0.127"/>
</testsuite> <!-- NumberTwo.waysToCreatePostRequestBody -->
